INFO  Start processing
INFO  Hexo is running at http://localhost:80/. Press Ctrl+C to stop.
INFO  Start processing
FATAL Something's wrong. Maybe you can find the solution here: http://hexo.io/docs/troubleshooting.html
Template render error: (unknown path) [Line 1, Column 110]
  unknown block tag: blockquate
    at Object.exports.prettifyError (/root/blog/node_modules/nunjucks/src/lib.js:34:15)
    at new_cls.render (/root/blog/node_modules/nunjucks/src/environment.js:469:27)
    at new_cls.renderString (/root/blog/node_modules/nunjucks/src/environment.js:327:21)
    at /root/blog/node_modules/hexo/lib/extend/tag.js:66:9
    at Promise._execute (/root/blog/node_modules/bluebird/js/release/debuggability.js:303:9)
    at Promise._resolveFromExecutor (/root/blog/node_modules/bluebird/js/release/promise.js:483:18)
    at new Promise (/root/blog/node_modules/bluebird/js/release/promise.js:79:10)
    at Tag.render (/root/blog/node_modules/hexo/lib/extend/tag.js:64:10)
    at Object.tagFilter [as onRenderEnd] (/root/blog/node_modules/hexo/lib/hexo/post.js:266:16)
    at /root/blog/node_modules/hexo/lib/hexo/render.js:65:19
    at tryCatcher (/root/blog/node_modules/bluebird/js/release/util.js:16:23)
    at Promise._settlePromiseFromHandler (/root/blog/node_modules/bluebird/js/release/promise.js:512:31)
    at Promise._settlePromise (/root/blog/node_modules/bluebird/js/release/promise.js:569:18)
    at Promise._settlePromise0 (/root/blog/node_modules/bluebird/js/release/promise.js:614:10)
    at Promise._settlePromises (/root/blog/node_modules/bluebird/js/release/promise.js:693:18)
    at Async._drainQueue (/root/blog/node_modules/bluebird/js/release/async.js:133:16)
    at Async._drainQueues (/root/blog/node_modules/bluebird/js/release/async.js:143:10)
    at Immediate.Async.drainQueues (/root/blog/node_modules/bluebird/js/release/async.js:17:14)
    at runCallback (timers.js:773:18)
    at tryOnImmediate (timers.js:734:5)
    at processImmediate [as _immediateCallback] (timers.js:711:5)
INFO  Start processing
INFO  Hexo is running at http://localhost:80/. Press Ctrl+C to stop.
INFO  Start processing
INFO  Hexo is running at http://localhost:80/. Press Ctrl+C to stop.
INFO  Start processing
[Browsersync] Access URLs:
 --------------------------------------
          UI: http://localhost:3001
 --------------------------------------
 UI External: http://45.32.249.110:3001
 --------------------------------------
INFO  Hexo is running at http://localhost:80/. Press Ctrl+C to stop.
[Browsersync] Reloading Browsers...
[Browsersync] Reloading Browsers...
[Browsersync] Reloading Browsers...
[Browsersync] Reloading Browsers...
[Browsersync] Reloading Browsers...
INFO  Start processing
[Browsersync] Access URLs:
 --------------------------------------
          UI: http://localhost:3001
 --------------------------------------
 UI External: http://45.32.249.110:3001
 --------------------------------------
INFO  Hexo is running at http://localhost:80/. Press Ctrl+C to stop.
[Browsersync] Reloading Browsers...
[Browsersync] Reloading Browsers...
[Browsersync] Reloading Browsers...
[Browsersync] Reloading Browsers...
[Browsersync] Reloading Browsers...
[Browsersync] Reloading Browsers...
[Browsersync] Reloading Browsers...
[Browsersync] Reloading Browsers...
[Browsersync] Reloading Browsers...
[Browsersync] Reloading Browsers...
[Browsersync] Reloading Browsers...
[Browsersync] Reloading Browsers...
[Browsersync] Reloading Browsers...
[Browsersync] Reloading Browsers...
[Browsersync] Reloading Browsers...
[Browsersync] Reloading Browsers...
[Browsersync] Reloading Browsers...
[Browsersync] Reloading Browsers...
